<?xml version="1.0" encoding="UTF-8"?>
<!-- Generated by org.testng.reporters.JUnitReportReporter -->
<testsuite skipped="0" hostname="HP-PC" name="TestCases.TC_001" tests="1" failures="0" timestamp="20 Apr 2019 13:38:34 GMT" time="40.738" errors="0">
  <testcase name="tc_001" time="40.738" classname="TestCases.TC_001"/>
</testsuite> <!-- TestCases.TC_001 -->
